<?xml version="1.0" encoding="UTF-8" ?>
<testsuite tests="1" failures="0" name="Practice7.ProductCounterTest" time="0" errors="0" skipped="0">
  <properties>
    <property name="idea.version" value="2017.2.6"/>
    <property name="java.runtime.name" value="Java(TM) SE Runtime Environment"/>
    <property name="sun.boot.library.path" value="C:\Tools\Java\jre\bin"/>
    <property name="java.vm.version" value="25.121-b13"/>
    <property name="user.country.format" value="NL"/>
    <property name="java.vm.vendor" value="Oracle Corporation"/>
    <property name="maven.multiModuleProjectDirectory" value="C:\Git\JavaExamples"/>
    <property name="java.vendor.url" value="http://java.oracle.com/"/>
    <property name="path.separator" value=";"/>
    <property name="guice.disable.misplaced.annotation.check" value="true"/>
    <property name="java.vm.name" value="Java HotSpot(TM) 64-Bit Server VM"/>
    <property name="file.encoding.pkg" value="sun.io"/>
    <property name="javax.net.ssl.trustAnchors" value="C:\Tools\Java\jre\lib\security\cacerts"/>
    <property name="user.script" value=""/>
    <property name="user.country" value="US"/>
    <property name="sun.java.launcher" value="SUN_STANDARD"/>
    <property name="sun.os.patch.level" value="Service Pack 1"/>
    <property name="java.vm.specification.name" value="Java Virtual Machine Specification"/>
    <property name="user.dir" value="C:\Git\JavaExamples"/>
    <property name="java.runtime.version" value="1.8.0_121-b13"/>
    <property name="java.awt.graphicsenv" value="sun.awt.Win32GraphicsEnvironment"/>
    <property name="java.endorsed.dirs" value="C:\Tools\Java\jre\lib\endorsed"/>
    <property name="os.arch" value="amd64"/>
    <property name="java.io.tmpdir" value="C:\Users\TG43EA.AD\AppData\Local\Temp\"/>
    <property name="line.separator" value="
"/>
    <property name="java.vm.specification.vendor" value="Oracle Corporation"/>
    <property name="user.variant" value=""/>
    <property name="os.name" value="Windows 7"/>
    <property name="classworlds.conf" value="C:\Tools\Maven\bin\m2.conf"/>
    <property name="sun.jnu.encoding" value="Cp1252"/>
    <property name="java.library.path" value="C:\Tools\Java\bin;C:\WINDOWS\Sun\Java\bin;C:\WINDOWS\system32;C:\WINDOWS;C:\ProgramData\Oracle\Java\javapath;C:\Tools\Gridgain;C:\Tools\Gridgain/libs/*;C:\Tools\Gridgain/libs/ignite-indexing/*;C:\Tools\Gridgain/ignite-spring/*;C:\Tools\Gridgain/libs/licenses/*;C:\Tools\Java\bin;C:\WINDOWS\system32;C:\WINDOWS;C:\WINDOWS\System32\Wbem;C:\WINDOWS\System32\WindowsPowerShell\v1.0\;C:\WINDOWS\System32\WindowsPowerShell\v1.0\;C:\Program Files\Gemalto\Classic Client\BIN;C:\Program Files (x86)\Gemalto\Classic Client\BIN;C:\Program Files (x86)\Gemalto\IDGo 800 PKCS#11\;C:\Program Files (x86)\Enterprise Vault\EVClient\;C:\Program Files\AppSense\Application Manager\Agent\Plugins\EcaRulesEngine\;C:\Tools\Maven\bin;C:\Tools\Git\cmd;C:\Program Files (x86)\PuTTY\;C:\Program Files (x86)\Plantronics\PlantronicsURE\;C:\Program Files (x86)\scala\bin;C:\Program Files (x86)\sbt\bin;C:\WINDOWS\System32\WindowsPowerShell\v1.0\;."/>
    <property name="java.specification.name" value="Java Platform API Specification"/>
    <property name="java.class.version" value="52.0"/>
    <property name="sun.management.compiler" value="HotSpot 64-Bit Tiered Compilers"/>
    <property name="maven.repo.local" value="C:\Users\TG43EA.AD\.m2\repository"/>
    <property name="os.version" value="6.1"/>
    <property name="user.home" value="C:\Users\TG43EA.AD"/>
    <property name="user.timezone" value="Europe/Berlin"/>
    <property name="java.awt.printerjob" value="sun.awt.windows.WPrinterJob"/>
    <property name="java.specification.version" value="1.8"/>
    <property name="file.encoding" value="UTF-8"/>
    <property name="user.name" value="TG43EA"/>
    <property name="java.class.path" value="C:\Tools\Maven\boot\plexus-classworlds-2.5.2.jar;C:\Program Files\JetBrains\IntelliJ IDEA 2017.2.3\lib\idea_rt.jar"/>
    <property name="javax.net.ssl.truststore" value="C:\Tools\Java\jre\lib\security\cacerts"/>
    <property name="java.vm.specification.version" value="1.8"/>
    <property name="sun.arch.data.model" value="64"/>
    <property name="java.home" value="C:\Tools\Java\jre"/>
    <property name="sun.java.command" value="org.codehaus.classworlds.Launcher -Didea.version=2017.2.6 -s C:\Users\TG43EA.AD\.m2\settings.ci.xml -Dmaven.repo.local=C:\Users\TG43EA.AD\.m2\repository package"/>
    <property name="java.specification.vendor" value="Oracle Corporation"/>
    <property name="user.language" value="en"/>
    <property name="user.language.format" value="nl"/>
    <property name="awt.toolkit" value="sun.awt.windows.WToolkit"/>
    <property name="java.vm.info" value="mixed mode"/>
    <property name="java.version" value="1.8.0_121"/>
    <property name="java.ext.dirs" value="C:\Tools\Java\jre\lib\ext;C:\WINDOWS\Sun\Java\lib\ext"/>
    <property name="sun.boot.class.path" value="C:\Tools\Java\jre\lib\resources.jar;C:\Tools\Java\jre\lib\rt.jar;C:\Tools\Java\jre\lib\sunrsasign.jar;C:\Tools\Java\jre\lib\jsse.jar;C:\Tools\Java\jre\lib\jce.jar;C:\Tools\Java\jre\lib\charsets.jar;C:\Tools\Java\jre\lib\jfr.jar;C:\Tools\Java\jre\classes"/>
    <property name="java.vendor" value="Oracle Corporation"/>
    <property name="maven.home" value="C:\Tools\Maven"/>
    <property name="file.separator" value="\"/>
    <property name="java.vendor.url.bug" value="http://bugreport.sun.com/bugreport/"/>
    <property name="sun.cpu.endian" value="little"/>
    <property name="sun.io.unicode.encoding" value="UnicodeLittle"/>
    <property name="sun.desktop" value="windows"/>
    <property name="sun.cpu.isalist" value="amd64"/>
  </properties>
  <testcase classname="Practice7.ProductCounterTest" name="processList" time="0"/>
</testsuite>